<?xml version="1.0" encoding="UTF-8"?>
<!-- Generated by org.testng.reporters.JUnitReportReporter -->
<testsuite hostname="debian1" failures="0" tests="6" name="testNG.hello" time="0.048" errors="0" timestamp="2024-10-19T14:14:44 IST" skipped="0">
  <testcase classname="testNG.hello" name="TC400_Login" time="0.032"/>
  <system-out>
    <![CDATA[Login]]>
  </system-out>
  <testcase classname="testNG.hello" name="TC403_CreateUser" time="0.004"/>
  <system-out>
    <![CDATA[Create new user c]]>
  </system-out>
  <testcase classname="testNG.hello" name="TC403_CreateUser" time="0.003"/>
  <system-out>
    <![CDATA[Create new user b]]>
  </system-out>
  <testcase classname="testNG.hello" name="TC403_CreateUser" time="0.003"/>
  <system-out>
    <![CDATA[Create new user a]]>
  </system-out>
  <testcase classname="testNG.hello" name="TC402_DoStuff" time="0.003"/>
  <system-out>
    <![CDATA[Do Stuff]]>
  </system-out>
  <testcase classname="testNG.hello" name="TC401_Logout" time="0.003"/>
  <system-out>
    <![CDATA[Logout]]>
  </system-out>
</testsuite> <!-- testNG.hello -->
