<?xml version="1.0" encoding="UTF-8"?>
<!-- Generated by org.testng.reporters.JUnitReportReporter -->
<testsuite hostname="debian1" failures="0" tests="1" name="testNG.TCClass2" time="0.023" errors="0" timestamp="2024-10-19T15:20:30 IST" skipped="0">
  <testcase classname="testNG.TCClass2" name="TC606_loadUser" time="0.023"/>
  <system-out>
    <![CDATA[user loaded]]>
  </system-out>
</testsuite> <!-- testNG.TCClass2 -->
