<?xml version="1.0" encoding="UTF-8"?>
<!-- Generated by org.testng.reporters.JUnitReportReporter -->
<testsuite hostname="debian1" failures="0" tests="3" name="testNG.MyTestCaseClass1" time="0.042" errors="0" timestamp="2024-10-19T14:16:42 IST" skipped="0">
  <testcase classname="testNG.MyTestCaseClass1" name="TC502_ChangeDP" time="0.031"/>
  <system-out>
    <![CDATA[Chage DP]]>
  </system-out>
  <testcase classname="testNG.MyTestCaseClass1" name="TC503_UpdateBio" time="0.006"/>
  <system-out>
    <![CDATA[Update Bio]]>
  </system-out>
  <testcase classname="testNG.MyTestCaseClass1" name="TC504_DisableAC" time="0.005"/>
  <system-out>
    <![CDATA[disable accout]]>
  </system-out>
</testsuite> <!-- testNG.MyTestCaseClass1 -->
