<?xml version="1.0" encoding="UTF-8"?>
<!-- Generated by org.testng.reporters.JUnitReportReporter -->
<testsuite hostname="debian1" failures="0" tests="3" name="testNG.ParallelExecution" time="30.117" errors="0" timestamp="2024-10-19T16:54:33 IST" skipped="0">
  <testcase classname="testNG.ParallelExecution" name="browser" time="9.261"/>
  <system-out/>
  <testcase classname="testNG.ParallelExecution" name="browser" time="8.027"/>
  <system-out/>
  <testcase classname="testNG.ParallelExecution" name="browser" time="12.829"/>
  <system-out/>
</testsuite> <!-- testNG.ParallelExecution -->
